========== ENV ==========
gpu16
/work/home/mayongze/miniconda3/envs/ProteinMPNN/bin/python
Python 3.9.23
Wed May  6 18:44:19 2026       
+---------------------------------------------------------------------------------------+
| NVIDIA-SMI 535.104.05             Driver Version: 535.104.05   CUDA Version: 12.2     |
|-----------------------------------------+----------------------+----------------------+
| GPU  Name                 Persistence-M | Bus-Id        Disp.A | Volatile Uncorr. ECC |
| Fan  Temp   Perf          Pwr:Usage/Cap |         Memory-Usage | GPU-Util  Compute M. |
|                                         |                      |               MIG M. |
|=========================================+======================+======================|
|   0  NVIDIA A800 80GB PCIe LC       On  | 00000000:B5:00.0 Off |                    0 |
| N/A   34C    P0              45W / 300W |      2MiB / 81920MiB |      0%      Default |
|                                         |                      |             Disabled |
+-----------------------------------------+----------------------+----------------------+
                                                                                         
+---------------------------------------------------------------------------------------+
| Processes:                                                                            |
|  GPU   GI   CI        PID   Type   Process name                            GPU Memory |
|        ID   ID                                                             Usage      |
|=======================================================================================|
|  No running processes found                                                           |
+---------------------------------------------------------------------------------------+
========== PATHS ==========
WORK_DIR=/work/home/mayongze/ProteinMPNN_project/Graduation_Design/GroupC_fixed_micro_env
MPNN_ROOT=/work/share/acssag9hf5/AI_protein_generation/Models/ProteinMPNN
folder_with_pdbs=only_4EUL
output_dir=only_4EUL_seq
PARSE_SCRIPT=/work/home/mayongze/ProteinMPNN_project/Graduation_Design/parse_multiple_chains_chromophore.py
MAKE_GROUPC_SCRIPT=make_groupC_fixed_positions_1.py
path_for_parsed_chains=only_4EUL_seq/parsed_pdbs_GroupC.jsonl
path_for_fixed_positions=only_4EUL_seq/fixed_GroupC_positions.jsonl
path_for_fixed_summary=only_4EUL_seq/fixed_GroupC_positions_summary.csv

========== STEP 1: parse PDBs with chromophore-aware parser ==========
========== parse_multiple_chains_chromophore ==========
[INFO] input_path  = only_4EUL/
[INFO] output_path = only_4EUL_seq/parsed_pdbs_GroupC.jsonl
[INFO] ca_only     = False
[INFO] found PDBs  = 1
[CHROMO] 4EUL: CRO A66 -> TYG at offsets [-1, 0, 1]
[PARSED] 4EUL | chains=1 | total_length=229
========== DONE ==========
[OK] wrote entries = 1
[OK] output jsonl  = only_4EUL_seq/parsed_pdbs_GroupC.jsonl
[OK] parsed jsonl: only_4EUL_seq/parsed_pdbs_GroupC.jsonl

========== STEP 2: make GroupC fixed positions ==========
========== make_groupC_fixed_positions ==========
[INFO] pdb_dir       = only_4EUL
[INFO] parsed_jsonl  = only_4EUL_seq/parsed_pdbs_GroupC.jsonl
[INFO] output_jsonl  = only_4EUL_seq/fixed_GroupC_positions.jsonl
[INFO] summary_csv   = only_4EUL_seq/fixed_GroupC_positions_summary.csv
[INFO] cutoff        = 5.0 Å
[INFO] chain         = A

[TARGET] 4EUL
  pdb_path              = only_4EUL/4EUL.pdb
  chromophore           = A:CRO66
  GroupB count          = 10
  shell count           = 25
  shell extra count     = 18
  GroupC total count    = 28
  shell extra positions = [40, 42, 44, 58, 59, 60, 61, 66, 90, 92, 110, 119, 143, 144, 148, 163, 165, 218]

========== DONE ==========
[OK] wrote fixed positions jsonl: only_4EUL_seq/fixed_GroupC_positions.jsonl
[OK] wrote summary csv          : only_4EUL_seq/fixed_GroupC_positions_summary.csv
[OK] fixed positions jsonl: only_4EUL_seq/fixed_GroupC_positions.jsonl
{"4EUL": {"A": [40, 42, 44, 58, 59, 60, 61, 62, 63, 64, 65, 66, 67, 90, 92, 94, 110, 119, 143, 144, 146, 148, 163, 165, 201, 203, 218, 220]}}

[OK] fixed positions summary:
target,chain,pdb_file,chromophore,cutoff_A,seq_len,groupB_count,groupB_positions,groupB_aas,shell_count,shell_positions,shell_labels,shell_extra_count,shell_extra_positions,shell_extra_labels,shell_extra_aas,groupC_total_count,groupC_positions,groupC_aas,unmapped_shell_residues
4EUL,A,only_4EUL/4EUL.pdb,A:CRO66,5.0,229,10,62 63 64 65 67 94 146 201 203 220,LTYGQRHTSE,25,40 42 44 58 59 60 61 62 66 67 90 92 94 110 119 143 144 146 148 163 165 201 203 218 220,A:LEU42;A:LEU44;A:PHE46;A:LEU60;A:VAL61;A:THR62;A:THR63;A:LEU64;A:VAL68;A:GLN69;A:TYR92;A:GLN94;A:ARG96;A:VAL112;A:ASN121;A:TYR145;A:ASN146;A:HIS148;A:VAL150;A:PHE165;A:ILE167;A:THR203;A:SER205;A:LEU220;A:GLU222,18,40 42 44 58 59 60 61 66 90 92 110 119 143 144 148 163 165 218,A:LEU42;A:LEU44;A:PHE46;A:LEU60;A:VAL61;A:THR62;A:THR63;A:VAL68;A:TYR92;A:GLN94;A:VAL112;A:ASN121;A:TYR145;A:ASN146;A:VAL150;A:PHE165;A:ILE167;A:LEU220,LLFLVTTVYQVNYNVFIL,28,40 42 44 58 59 60 61 62 63 64 65 66 67 90 92 94 110 119 143 144 146 148 163 165 201 203 218 220,LLFLVTTLTYGVQYQRVNYNHVFITSLE,

========== STEP 3: validate fixed positions ==========
[INFO] parsed names: ['4EUL']
[INFO] fixed names : ['4EUL']
[OK] 4EUL chain A: 28 fixed positions
[OK] fixed positions validation passed

========== STEP 4: run ProteinMPNN GroupC ==========
/work/home/mayongze/miniconda3/envs/ProteinMPNN/lib/python3.9/site-packages/torch/torch_version.py:3: UserWarning: pkg_resources is deprecated as an API. See https://setuptools.pypa.io/en/latest/pkg_resources.html. The pkg_resources package is slated for removal as early as 2025-11-30. Refrain from using this package or pin to Setuptools<81.
  from pkg_resources import packaging  # type: ignore[attr-defined]
----------------------------------------
chain_id_jsonl is NOT loaded
----------------------------------------
pssm_jsonl is NOT loaded
----------------------------------------
omit_AA_jsonl is NOT loaded
----------------------------------------
bias_AA_jsonl is NOT loaded
----------------------------------------
tied_positions_jsonl is NOT loaded
----------------------------------------
bias by residue dictionary is not loaded, or not provided
----------------------------------------
discarded {'bad_chars': 0, 'too_long': 0, 'bad_seq_length': 0}
----------------------------------------
Number of edges: 48
Training noise level: 0.2A
Generating sequences for: 4EUL
20 sequences of length 229 generated in 1.5236 seconds

========== FINISHED ==========
Wed May  6 18:44:58 CST 2026
